<?xml version="1.0" encoding="UTF-8"?>
<!-- Generated by org.testng.reporters.JUnitXMLReporter -->
<testsuite hostname="DESKTOP-5HNI9HA" ignored="0" name="Test1" tests="1" failures="1" timestamp="13 May 2022 12:43:00 GMT" time="50.58" errors="0">
  <testcase name="movie_deatils_search" time="50.485" classname="movies.automate.details.testcases.Do_SmokeTestForWiki">
    <failure type="java.lang.NullPointerException">
      <![CDATA[java.lang.NullPointerException
at org.openqa.selenium.support.pagefactory.internal.LocatingElementHandler.invoke(LocatingElementHandler.java:51)
at com.sun.proxy.$Proxy8.sendKeys(Unknown Source)
at movies.automate.details.pages.ImdbSearch.enterTextSearchBoxWikipedia(ImdbSearch.java:35)
at movies.automate.details.testcases.Do_SmokeTestForWiki.movie_deatils_search(Do_SmokeTestForWiki.java:22)
... Removed 29 stack frames]]>
    </failure>
  </testcase> <!-- movie_deatils_search -->
</testsuite> <!-- Test1 -->
