<?xml version="1.0" encoding="UTF-8"?>
<testng-results skipped="0" failed="1" ignored="0" total="2" passed="1">
  <reporter-output>
    <line>
      <![CDATA[Navigated to browser:chromeURLhttps://www.imdb.com/]]>
    </line>
    <line>
      <![CDATA[movie entered in search box:pushpa]]>
    </line>
    <line>
      <![CDATA[Country of Origin: India]]>
    </line>
    <line>
      <![CDATA[releasedate: 17 December 2021]]>
    </line>
    <line>
      <![CDATA[Navigated to browser:chromeURLhttps://en.wikipedia.org/wiki/Main_Page]]>
    </line>
  </reporter-output>
  <suite name="Suite" duration-ms="136796" started-at="2022-05-13T12:40:43Z" finished-at="2022-05-13T12:43:00Z">
    <groups>
    </groups>
    <test name="Test" duration-ms="85336" started-at="2022-05-13T12:40:43Z" finished-at="2022-05-13T12:42:09Z">
      <class name="movies.automate.details.testcases.Do_SmokeTest">
        <test-method status="PASS" signature="movie_deatils_search(java.lang.String, java.lang.String)[pri:0, instance:movies.automate.details.testcases.Do_SmokeTest@3abbfa04]" name="movie_deatils_search" duration-ms="85244" started-at="2022-05-13T12:40:43Z" finished-at="2022-05-13T12:42:09Z">
          <params>
            <param index="0">
              <value>
                <![CDATA[chrome]]>
              </value>
            </param>
            <param index="1">
              <value>
                <![CDATA[https://www.imdb.com/]]>
              </value>
            </param>
          </params>
          <reporter-output>
            <line>
              <![CDATA[Navigated to browser:chromeURLhttps://www.imdb.com/]]>
            </line>
            <line>
              <![CDATA[movie entered in search box:pushpa]]>
            </line>
            <line>
              <![CDATA[Country of Origin: India]]>
            </line>
            <line>
              <![CDATA[releasedate: 17 December 2021]]>
            </line>
          </reporter-output>
        </test-method> <!-- movie_deatils_search -->
      </class> <!-- movies.automate.details.testcases.Do_SmokeTest -->
    </test> <!-- Test -->
    <test name="Test1" duration-ms="50580" started-at="2022-05-13T12:42:09Z" finished-at="2022-05-13T12:43:00Z">
      <class name="movies.automate.details.testcases.Do_SmokeTestForWiki">
        <test-method status="FAIL" signature="movie_deatils_search(java.lang.String, java.lang.String)[pri:1, instance:movies.automate.details.testcases.Do_SmokeTestForWiki@69ea3742]" name="movie_deatils_search" duration-ms="50485" started-at="2022-05-13T12:42:09Z" finished-at="2022-05-13T12:43:00Z">
          <params>
            <param index="0">
              <value>
                <![CDATA[chrome]]>
              </value>
            </param>
            <param index="1">
              <value>
                <![CDATA[https://en.wikipedia.org/wiki/Main_Page]]>
              </value>
            </param>
          </params>
          <exception class="java.lang.NullPointerException">
            <full-stacktrace>
              <![CDATA[java.lang.NullPointerException
at sun.reflect.NativeMethodAccessorImpl.invoke0(Native Method)
at sun.reflect.NativeMethodAccessorImpl.invoke(NativeMethodAccessorImpl.java:62)
at sun.reflect.DelegatingMethodAccessorImpl.invoke(DelegatingMethodAccessorImpl.java:43)
at java.lang.reflect.Method.invoke(Method.java:498)
at org.openqa.selenium.support.pagefactory.internal.LocatingElementHandler.invoke(LocatingElementHandler.java:51)
at com.sun.proxy.$Proxy8.sendKeys(Unknown Source)
at movies.automate.details.pages.ImdbSearch.enterTextSearchBoxWikipedia(ImdbSearch.java:35)
at movies.automate.details.testcases.Do_SmokeTestForWiki.movie_deatils_search(Do_SmokeTestForWiki.java:22)
at sun.reflect.NativeMethodAccessorImpl.invoke0(Native Method)
at sun.reflect.NativeMethodAccessorImpl.invoke(NativeMethodAccessorImpl.java:62)
at sun.reflect.DelegatingMethodAccessorImpl.invoke(DelegatingMethodAccessorImpl.java:43)
at java.lang.reflect.Method.invoke(Method.java:498)
at org.testng.internal.MethodInvocationHelper.invokeMethod(MethodInvocationHelper.java:124)
at org.testng.internal.Invoker.invokeMethod(Invoker.java:583)
at org.testng.internal.Invoker.invokeTestMethod(Invoker.java:719)
at org.testng.internal.Invoker.invokeTestMethods(Invoker.java:989)
at org.testng.internal.TestMethodWorker.invokeTestMethods(TestMethodWorker.java:125)
at org.testng.internal.TestMethodWorker.run(TestMethodWorker.java:109)
at org.testng.TestRunner.privateRun(TestRunner.java:648)
at org.testng.TestRunner.run(TestRunner.java:505)
at org.testng.SuiteRunner.runTest(SuiteRunner.java:455)
at org.testng.SuiteRunner.runSequentially(SuiteRunner.java:450)
at org.testng.SuiteRunner.privateRun(SuiteRunner.java:415)
at org.testng.SuiteRunner.run(SuiteRunner.java:364)
at org.testng.SuiteRunnerWorker.runSuite(SuiteRunnerWorker.java:52)
at org.testng.SuiteRunnerWorker.run(SuiteRunnerWorker.java:84)
at org.testng.TestNG.runSuitesSequentially(TestNG.java:1208)
at org.testng.TestNG.runSuitesLocally(TestNG.java:1137)
at org.testng.TestNG.runSuites(TestNG.java:1049)
at org.testng.TestNG.run(TestNG.java:1017)
at org.testng.remote.AbstractRemoteTestNG.run(AbstractRemoteTestNG.java:115)
at org.testng.remote.RemoteTestNG.initAndRun(RemoteTestNG.java:251)
at org.testng.remote.RemoteTestNG.main(RemoteTestNG.java:77)
]]>
            </full-stacktrace>
          </exception> <!-- java.lang.NullPointerException -->
          <reporter-output>
            <line>
              <![CDATA[Navigated to browser:chromeURLhttps://en.wikipedia.org/wiki/Main_Page]]>
            </line>
          </reporter-output>
        </test-method> <!-- movie_deatils_search -->
      </class> <!-- movies.automate.details.testcases.Do_SmokeTestForWiki -->
    </test> <!-- Test1 -->
  </suite> <!-- Suite -->
</testng-results>
