<?xml version="1.0" encoding="UTF-8"?>
<testng-results skipped="0" failed="0" ignored="0" total="2" passed="2">
  <reporter-output>
    <line>
      <![CDATA[Navigated to browser:chromeURLhttps://www.imdb.com/]]>
    </line>
    <line>
      <![CDATA[movie entered in search box:pushpa]]>
    </line>
    <line>
      <![CDATA[Country of Origin: India]]>
    </line>
    <line>
      <![CDATA[releasedate: 17 December 2021]]>
    </line>
    <line>
      <![CDATA[Navigated to browser:chromeURLhttps://en.wikipedia.org/wiki/Main_Page]]>
    </line>
    <line>
      <![CDATA[releaseDatetextwithCountry: 17 December 2021 (India)]]>
    </line>
    <line>
      <![CDATA[countryOfOriginText: India]]>
    </line>
    <line>
      <![CDATA[moviedetails17 December 2021 (India)]]>
    </line>
    <line>
      <![CDATA[moviedetailsIndia]]>
    </line>
    <line>
      <![CDATA[moviedetails17 December 2021]]>
    </line>
    <line>
      <![CDATA[moviedetailsIndia]]>
    </line>
  </reporter-output>
  <suite name="Suite" duration-ms="279568" started-at="2022-05-13T14:49:46Z" finished-at="2022-05-13T14:54:25Z">
    <groups>
    </groups>
    <test name="Test" duration-ms="185316" started-at="2022-05-13T14:49:46Z" finished-at="2022-05-13T14:52:51Z">
      <class name="movies.automate.details.testcases.Do_SmokeTest">
        <test-method status="PASS" signature="movie_deatils_search(java.lang.String, java.lang.String)[pri:0, instance:movies.automate.details.testcases.Do_SmokeTest@3abbfa04]" name="movie_deatils_search" duration-ms="185256" started-at="2022-05-13T14:49:46Z" finished-at="2022-05-13T14:52:51Z">
          <params>
            <param index="0">
              <value>
                <![CDATA[chrome]]>
              </value>
            </param>
            <param index="1">
              <value>
                <![CDATA[https://www.imdb.com/]]>
              </value>
            </param>
          </params>
          <reporter-output>
            <line>
              <![CDATA[Navigated to browser:chromeURLhttps://www.imdb.com/]]>
            </line>
            <line>
              <![CDATA[movie entered in search box:pushpa]]>
            </line>
            <line>
              <![CDATA[Country of Origin: India]]>
            </line>
            <line>
              <![CDATA[releasedate: 17 December 2021]]>
            </line>
          </reporter-output>
        </test-method> <!-- movie_deatils_search -->
      </class> <!-- movies.automate.details.testcases.Do_SmokeTest -->
    </test> <!-- Test -->
    <test name="Test1" duration-ms="93511" started-at="2022-05-13T14:52:52Z" finished-at="2022-05-13T14:54:25Z">
      <class name="movies.automate.details.testcases.Do_SmokeTestForWiki">
        <test-method status="PASS" signature="movie_deatils_search(java.lang.String, java.lang.String)[pri:1, instance:movies.automate.details.testcases.Do_SmokeTestForWiki@69ea3742]" name="movie_deatils_search" duration-ms="93505" started-at="2022-05-13T14:52:52Z" finished-at="2022-05-13T14:54:25Z">
          <params>
            <param index="0">
              <value>
                <![CDATA[chrome]]>
              </value>
            </param>
            <param index="1">
              <value>
                <![CDATA[https://en.wikipedia.org/wiki/Main_Page]]>
              </value>
            </param>
          </params>
          <reporter-output>
            <line>
              <![CDATA[Navigated to browser:chromeURLhttps://en.wikipedia.org/wiki/Main_Page]]>
            </line>
            <line>
              <![CDATA[releaseDatetextwithCountry: 17 December 2021 (India)]]>
            </line>
            <line>
              <![CDATA[countryOfOriginText: India]]>
            </line>
            <line>
              <![CDATA[moviedetails17 December 2021 (India)]]>
            </line>
            <line>
              <![CDATA[moviedetailsIndia]]>
            </line>
            <line>
              <![CDATA[moviedetails17 December 2021]]>
            </line>
            <line>
              <![CDATA[moviedetailsIndia]]>
            </line>
          </reporter-output>
        </test-method> <!-- movie_deatils_search -->
      </class> <!-- movies.automate.details.testcases.Do_SmokeTestForWiki -->
    </test> <!-- Test1 -->
  </suite> <!-- Suite -->
</testng-results>
